[debug] [2019-05-05T14:52:02.338Z] ----------------------------------------------------------------------
[debug] [2019-05-05T14:52:02.342Z] Command:       /usr/local/Cellar/node/10.7.0/bin/node /usr/local/bin/firebase deploy --only functions
[debug] [2019-05-05T14:52:02.342Z] CLI Version:   6.8.0
[debug] [2019-05-05T14:52:02.342Z] Platform:      darwin
[debug] [2019-05-05T14:52:02.342Z] Node Version:  v10.7.0
[debug] [2019-05-05T14:52:02.343Z] Time:          Sun May 05 2019 16:52:02 GMT+0200 (Central European Summer Time)
[debug] [2019-05-05T14:52:02.343Z] ----------------------------------------------------------------------
[debug] 
[debug] [2019-05-05T14:52:02.367Z] > command requires scopes: ["email","openid","https://www.googleapis.com/auth/cloudplatformprojects.readonly","https://www.googleapis.com/auth/firebase","https://www.googleapis.com/auth/cloud-platform"]
[debug] [2019-05-05T14:52:02.368Z] > authorizing via signed-in user
[debug] [2019-05-05T14:52:02.368Z] [iam] checking project wardr-94a12 for permissions ["cloudfunctions.functions.create","cloudfunctions.functions.delete","cloudfunctions.functions.get","cloudfunctions.functions.list","cloudfunctions.functions.update","cloudfunctions.operations.get","firebase.projects.get"]
[debug] [2019-05-05T14:52:02.370Z] >>> HTTP REQUEST POST https://cloudresourcemanager.googleapis.com/v1/projects/wardr-94a12:testIamPermissions  

[debug] [2019-05-05T14:52:03.619Z] <<< HTTP RESPONSE 200
[info] 
[info] === Deploying to 'wardr-94a12'...
[info] 
[info] i  deploying functions
[info] Running command: npm --prefix "$RESOURCE_DIR" run lint
[info] ✔  functions: Finished running predeploy script.
[debug] [2019-05-05T14:52:17.105Z] > [functions] package.json contents: {
  "name": "functions",
  "description": "Cloud Functions for Firebase",
  "engines": {
    "node": "8"
  },
  "scripts": {
    "lint": "eslint .",
    "serve": "firebase serve --only functions",
    "shell": "firebase functions:shell",
    "start": "npm run shell",
    "deploy": "firebase deploy --only functions",
    "logs": "firebase functions:log"
  },
  "dependencies": {
    "firebase-admin": "~7.0.0",
    "firebase-functions": "^2.2.0"
  },
  "devDependencies": {
    "eslint": "^5.12.0",
    "eslint-plugin-promise": "^4.0.1"
  },
  "private": true
}
[info] i  functions: ensuring necessary APIs are enabled...
[debug] [2019-05-05T14:52:17.107Z] >>> HTTP REQUEST GET https://servicemanagement.googleapis.com/v1/services/cloudfunctions.googleapis.com/projectSettings/wardr-94a12?view=CONSUMER_VIEW  
 
[debug] [2019-05-05T14:52:17.108Z] >>> HTTP REQUEST GET https://servicemanagement.googleapis.com/v1/services/runtimeconfig.googleapis.com/projectSettings/wardr-94a12?view=CONSUMER_VIEW  
 
[debug] [2019-05-05T14:52:18.779Z] <<< HTTP RESPONSE 200
[debug] [2019-05-05T14:52:18.824Z] <<< HTTP RESPONSE 200
[info] ✔  functions: all necessary APIs are enabled
[debug] [2019-05-05T14:52:18.826Z] >>> HTTP REQUEST GET https://cloudresourcemanager.googleapis.com/v1/projects/wardr-94a12  
 
[debug] [2019-05-05T14:52:19.962Z] <<< HTTP RESPONSE 200
[debug] [2019-05-05T14:52:19.963Z] >>> HTTP REQUEST GET https://mobilesdk-pa.googleapis.com/v1/projects/404390621281:getServerAppConfig  
 
[debug] [2019-05-05T14:52:20.818Z] <<< HTTP RESPONSE 200
[info] i  functions: preparing functions directory for uploading...
[debug] [2019-05-05T14:52:20.823Z] >>> HTTP REQUEST GET https://runtimeconfig.googleapis.com/v1beta1/projects/wardr-94a12/configs  
 
[debug] [2019-05-05T14:52:22.960Z] <<< HTTP RESPONSE 200
[info] i  functions: packaged functions (39.44 KB) for uploading
[debug] [2019-05-05T14:52:23.417Z] >>> HTTP REQUEST POST https://cloudfunctions.googleapis.com/v1/projects/wardr-94a12/locations/us-central1/functions:generateUploadUrl  
 
[debug] [2019-05-05T14:52:24.032Z] <<< HTTP RESPONSE 200
[debug] [2019-05-05T14:52:24.033Z] >>> HTTP REQUEST PUT https://storage.googleapis.com/gcf-upload-us-central1-eaa48390-4157-4eba-9aa6-3d18f3e3114e/a5e98853-6273-4648-9d1f-e491e1a694f9.zip?GoogleAccessId=service-404390621281@gcf-admin-robot.iam.gserviceaccount.com&Expires=1557069743&Signature=S4fer%2Bgo9aByHIl77hzcnCRGLqzkpz5%2FgItOFYm2IhAfso4OZQlIDCS39aOZ68gogcKjOxIjrz1TIuGJkUME92FK%2FK%2Fn9sF0lox0DXGeInWJvm8QkGmkQGSX7Y85WmN3utd1UH07H0TvBE8ScdrgBpYA7NLbjKchoLPh52GvM0D%2FEkblyiGfm15T77gfItXEZZ0H%2BULpvoPv%2B7rCZ%2FgnGNDQZR3TJgQ8eXOKiFt%2Fm47rAwetCXmjeG38BDKWNHHgouUblZVfjNz4mlQ6vZQt7JfFC6TZBTddiKZBc%2BT%2FQbCvPoftXRX25o5ZqAv4Q9xeBJe%2F%2B2btId2cYJg2%2FYjaXg%3D%3D  

[debug] [2019-05-05T14:52:24.913Z] <<< HTTP RESPONSE 200
[info] ✔  functions: functions folder uploaded successfully
[debug] [2019-05-05T14:52:24.917Z] >>> HTTP REQUEST GET https://cloudfunctions.googleapis.com/v1/projects/wardr-94a12/locations/-/functions  
 
[debug] [2019-05-05T14:52:25.637Z] <<< HTTP RESPONSE 200
[info] i  functions: updating Node.js 8 function helloWorld(us-central1)...
[debug] [2019-05-05T14:52:25.642Z] Trigger is:  {"httpsTrigger":{}}
[info] i  functions: updating Node.js 8 function getEvent(us-central1)...
[debug] [2019-05-05T14:52:25.643Z] Trigger is:  {"httpsTrigger":{}}
[debug] [2019-05-05T14:52:25.646Z] >>> HTTP REQUEST GET https://servicemanagement.googleapis.com/v1/services/cloudscheduler.googleapis.com/projectSettings/wardr-94a12?view=CONSUMER_VIEW  
 
[debug] [2019-05-05T14:52:27.171Z] <<< HTTP RESPONSE 200
[debug] [2019-05-05T14:52:27.175Z] >>> HTTP REQUEST PATCH https://cloudfunctions.googleapis.com/v1/projects/wardr-94a12/locations/us-central1/functions/helloWorld {"updateMask":"sourceUploadUrl,name,labels,runtime,httpsTrigger"} 

[debug] [2019-05-05T14:52:27.179Z] >>> HTTP REQUEST PATCH https://cloudfunctions.googleapis.com/v1/projects/wardr-94a12/locations/us-central1/functions/getEvent {"updateMask":"sourceUploadUrl,name,labels,runtime,httpsTrigger"} 

[debug] [2019-05-05T14:52:27.948Z] <<< HTTP RESPONSE 200
[debug] [2019-05-05T14:52:27.951Z] <<< HTTP RESPONSE 200
[debug] [2019-05-05T14:52:27.955Z] >>> HTTP REQUEST GET https://cloudfunctions.googleapis.com/v1/projects/wardr-94a12/locations/-/functions  
 
[debug] [2019-05-05T14:52:28.804Z] <<< HTTP RESPONSE 200
[debug] [2019-05-05T14:52:28.806Z] >>> HTTP REQUEST GET https://cloudfunctions.googleapis.com/v1/operations/d2FyZHItOTRhMTIvdXMtY2VudHJhbDEvaGVsbG9Xb3JsZC9yOENVNGhmcGs0QQ  
 
[debug] [2019-05-05T14:52:28.807Z] >>> HTTP REQUEST GET https://cloudfunctions.googleapis.com/v1/operations/d2FyZHItOTRhMTIvdXMtY2VudHJhbDEvZ2V0RXZlbnQvS0VsVW1fWjBfUjg  
 
[debug] [2019-05-05T14:52:29.624Z] <<< HTTP RESPONSE 200
[debug] [2019-05-05T14:52:29.627Z] <<< HTTP RESPONSE 200
[debug] [2019-05-05T14:52:31.628Z] >>> HTTP REQUEST GET https://cloudfunctions.googleapis.com/v1/operations/d2FyZHItOTRhMTIvdXMtY2VudHJhbDEvaGVsbG9Xb3JsZC9yOENVNGhmcGs0QQ  
 
[debug] [2019-05-05T14:52:31.631Z] >>> HTTP REQUEST GET https://cloudfunctions.googleapis.com/v1/operations/d2FyZHItOTRhMTIvdXMtY2VudHJhbDEvZ2V0RXZlbnQvS0VsVW1fWjBfUjg  
 
[debug] [2019-05-05T14:52:32.097Z] <<< HTTP RESPONSE 200
[debug] [2019-05-05T14:52:32.146Z] <<< HTTP RESPONSE 200
[debug] [2019-05-05T14:52:34.101Z] >>> HTTP REQUEST GET https://cloudfunctions.googleapis.com/v1/operations/d2FyZHItOTRhMTIvdXMtY2VudHJhbDEvaGVsbG9Xb3JsZC9yOENVNGhmcGs0QQ  
 
[debug] [2019-05-05T14:52:34.148Z] >>> HTTP REQUEST GET https://cloudfunctions.googleapis.com/v1/operations/d2FyZHItOTRhMTIvdXMtY2VudHJhbDEvZ2V0RXZlbnQvS0VsVW1fWjBfUjg  
 
[debug] [2019-05-05T14:52:34.853Z] <<< HTTP RESPONSE 200
[debug] [2019-05-05T14:52:34.951Z] <<< HTTP RESPONSE 200
[debug] [2019-05-05T14:52:36.858Z] >>> HTTP REQUEST GET https://cloudfunctions.googleapis.com/v1/operations/d2FyZHItOTRhMTIvdXMtY2VudHJhbDEvaGVsbG9Xb3JsZC9yOENVNGhmcGs0QQ  
 
[debug] [2019-05-05T14:52:36.957Z] >>> HTTP REQUEST GET https://cloudfunctions.googleapis.com/v1/operations/d2FyZHItOTRhMTIvdXMtY2VudHJhbDEvZ2V0RXZlbnQvS0VsVW1fWjBfUjg  
 
[debug] [2019-05-05T14:52:37.614Z] <<< HTTP RESPONSE 200
[debug] [2019-05-05T14:52:37.615Z] <<< HTTP RESPONSE 200
[debug] [2019-05-05T14:52:39.619Z] >>> HTTP REQUEST GET https://cloudfunctions.googleapis.com/v1/operations/d2FyZHItOTRhMTIvdXMtY2VudHJhbDEvaGVsbG9Xb3JsZC9yOENVNGhmcGs0QQ  
 
[debug] [2019-05-05T14:52:39.620Z] >>> HTTP REQUEST GET https://cloudfunctions.googleapis.com/v1/operations/d2FyZHItOTRhMTIvdXMtY2VudHJhbDEvZ2V0RXZlbnQvS0VsVW1fWjBfUjg  
 
[debug] [2019-05-05T14:52:40.275Z] <<< HTTP RESPONSE 200
[debug] [2019-05-05T14:52:40.277Z] <<< HTTP RESPONSE 200
[debug] [2019-05-05T14:52:42.277Z] >>> HTTP REQUEST GET https://cloudfunctions.googleapis.com/v1/operations/d2FyZHItOTRhMTIvdXMtY2VudHJhbDEvaGVsbG9Xb3JsZC9yOENVNGhmcGs0QQ  
 
[debug] [2019-05-05T14:52:42.281Z] >>> HTTP REQUEST GET https://cloudfunctions.googleapis.com/v1/operations/d2FyZHItOTRhMTIvdXMtY2VudHJhbDEvZ2V0RXZlbnQvS0VsVW1fWjBfUjg  
 
[debug] [2019-05-05T14:52:42.936Z] <<< HTTP RESPONSE 200
[debug] [2019-05-05T14:52:43.147Z] <<< HTTP RESPONSE 200
[debug] [2019-05-05T14:52:44.937Z] >>> HTTP REQUEST GET https://cloudfunctions.googleapis.com/v1/operations/d2FyZHItOTRhMTIvdXMtY2VudHJhbDEvaGVsbG9Xb3JsZC9yOENVNGhmcGs0QQ  
 
[debug] [2019-05-05T14:52:45.148Z] >>> HTTP REQUEST GET https://cloudfunctions.googleapis.com/v1/operations/d2FyZHItOTRhMTIvdXMtY2VudHJhbDEvZ2V0RXZlbnQvS0VsVW1fWjBfUjg  
 
[debug] [2019-05-05T14:52:45.718Z] <<< HTTP RESPONSE 200
[debug] [2019-05-05T14:52:45.719Z] <<< HTTP RESPONSE 200
[debug] [2019-05-05T14:52:47.720Z] >>> HTTP REQUEST GET https://cloudfunctions.googleapis.com/v1/operations/d2FyZHItOTRhMTIvdXMtY2VudHJhbDEvaGVsbG9Xb3JsZC9yOENVNGhmcGs0QQ  
 
[debug] [2019-05-05T14:52:47.721Z] >>> HTTP REQUEST GET https://cloudfunctions.googleapis.com/v1/operations/d2FyZHItOTRhMTIvdXMtY2VudHJhbDEvZ2V0RXZlbnQvS0VsVW1fWjBfUjg  
 
[debug] [2019-05-05T14:52:48.478Z] <<< HTTP RESPONSE 200
[debug] [2019-05-05T14:52:48.540Z] <<< HTTP RESPONSE 200
[debug] [2019-05-05T14:52:50.480Z] >>> HTTP REQUEST GET https://cloudfunctions.googleapis.com/v1/operations/d2FyZHItOTRhMTIvdXMtY2VudHJhbDEvZ2V0RXZlbnQvS0VsVW1fWjBfUjg  
 
[debug] [2019-05-05T14:52:50.543Z] >>> HTTP REQUEST GET https://cloudfunctions.googleapis.com/v1/operations/d2FyZHItOTRhMTIvdXMtY2VudHJhbDEvaGVsbG9Xb3JsZC9yOENVNGhmcGs0QQ  
 
[debug] [2019-05-05T14:52:51.148Z] <<< HTTP RESPONSE 200
[debug] [2019-05-05T14:52:51.149Z] <<< HTTP RESPONSE 200
[debug] [2019-05-05T14:52:53.149Z] >>> HTTP REQUEST GET https://cloudfunctions.googleapis.com/v1/operations/d2FyZHItOTRhMTIvdXMtY2VudHJhbDEvZ2V0RXZlbnQvS0VsVW1fWjBfUjg  
 
[debug] [2019-05-05T14:52:53.153Z] >>> HTTP REQUEST GET https://cloudfunctions.googleapis.com/v1/operations/d2FyZHItOTRhMTIvdXMtY2VudHJhbDEvaGVsbG9Xb3JsZC9yOENVNGhmcGs0QQ  
 
[debug] [2019-05-05T14:52:53.796Z] <<< HTTP RESPONSE 200
[debug] [2019-05-05T14:52:53.796Z] <<< HTTP RESPONSE 200
[debug] [2019-05-05T14:52:55.799Z] >>> HTTP REQUEST GET https://cloudfunctions.googleapis.com/v1/operations/d2FyZHItOTRhMTIvdXMtY2VudHJhbDEvZ2V0RXZlbnQvS0VsVW1fWjBfUjg  
 
[debug] [2019-05-05T14:52:55.799Z] >>> HTTP REQUEST GET https://cloudfunctions.googleapis.com/v1/operations/d2FyZHItOTRhMTIvdXMtY2VudHJhbDEvaGVsbG9Xb3JsZC9yOENVNGhmcGs0QQ  
 
[debug] [2019-05-05T14:52:57.558Z] <<< HTTP RESPONSE 200
[debug] [2019-05-05T14:52:57.559Z] <<< HTTP RESPONSE 200
[debug] [2019-05-05T14:52:59.561Z] >>> HTTP REQUEST GET https://cloudfunctions.googleapis.com/v1/operations/d2FyZHItOTRhMTIvdXMtY2VudHJhbDEvZ2V0RXZlbnQvS0VsVW1fWjBfUjg  
 
[debug] [2019-05-05T14:52:59.562Z] >>> HTTP REQUEST GET https://cloudfunctions.googleapis.com/v1/operations/d2FyZHItOTRhMTIvdXMtY2VudHJhbDEvaGVsbG9Xb3JsZC9yOENVNGhmcGs0QQ  
 
[debug] [2019-05-05T14:53:00.077Z] <<< HTTP RESPONSE 200
[debug] [2019-05-05T14:53:00.232Z] <<< HTTP RESPONSE 200
[debug] [2019-05-05T14:53:02.081Z] >>> HTTP REQUEST GET https://cloudfunctions.googleapis.com/v1/operations/d2FyZHItOTRhMTIvdXMtY2VudHJhbDEvaGVsbG9Xb3JsZC9yOENVNGhmcGs0QQ  
 
[debug] [2019-05-05T14:53:02.235Z] >>> HTTP REQUEST GET https://cloudfunctions.googleapis.com/v1/operations/d2FyZHItOTRhMTIvdXMtY2VudHJhbDEvZ2V0RXZlbnQvS0VsVW1fWjBfUjg  
 
[debug] [2019-05-05T14:53:02.802Z] <<< HTTP RESPONSE 200
[debug] [2019-05-05T14:53:04.044Z] <<< HTTP RESPONSE 200
[debug] [2019-05-05T14:53:04.804Z] >>> HTTP REQUEST GET https://cloudfunctions.googleapis.com/v1/operations/d2FyZHItOTRhMTIvdXMtY2VudHJhbDEvaGVsbG9Xb3JsZC9yOENVNGhmcGs0QQ  
 
[debug] [2019-05-05T14:53:05.670Z] <<< HTTP RESPONSE 200
[debug] [2019-05-05T14:53:06.045Z] >>> HTTP REQUEST GET https://cloudfunctions.googleapis.com/v1/operations/d2FyZHItOTRhMTIvdXMtY2VudHJhbDEvZ2V0RXZlbnQvS0VsVW1fWjBfUjg  
 
[debug] [2019-05-05T14:53:07.594Z] <<< HTTP RESPONSE 200
[debug] [2019-05-05T14:53:07.675Z] >>> HTTP REQUEST GET https://cloudfunctions.googleapis.com/v1/operations/d2FyZHItOTRhMTIvdXMtY2VudHJhbDEvaGVsbG9Xb3JsZC9yOENVNGhmcGs0QQ  
 
[debug] [2019-05-05T14:53:08.332Z] <<< HTTP RESPONSE 200
[debug] [2019-05-05T14:53:09.596Z] >>> HTTP REQUEST GET https://cloudfunctions.googleapis.com/v1/operations/d2FyZHItOTRhMTIvdXMtY2VudHJhbDEvZ2V0RXZlbnQvS0VsVW1fWjBfUjg  
 
[debug] [2019-05-05T14:53:10.113Z] <<< HTTP RESPONSE 200
[debug] [2019-05-05T14:53:10.334Z] >>> HTTP REQUEST GET https://cloudfunctions.googleapis.com/v1/operations/d2FyZHItOTRhMTIvdXMtY2VudHJhbDEvaGVsbG9Xb3JsZC9yOENVNGhmcGs0QQ  
 
[debug] [2019-05-05T14:53:10.852Z] <<< HTTP RESPONSE 200
[debug] [2019-05-05T14:53:12.115Z] >>> HTTP REQUEST GET https://cloudfunctions.googleapis.com/v1/operations/d2FyZHItOTRhMTIvdXMtY2VudHJhbDEvZ2V0RXZlbnQvS0VsVW1fWjBfUjg  
 
[debug] [2019-05-05T14:53:12.739Z] <<< HTTP RESPONSE 200
[debug] [2019-05-05T14:53:12.853Z] >>> HTTP REQUEST GET https://cloudfunctions.googleapis.com/v1/operations/d2FyZHItOTRhMTIvdXMtY2VudHJhbDEvaGVsbG9Xb3JsZC9yOENVNGhmcGs0QQ  
 
[debug] [2019-05-05T14:53:13.657Z] <<< HTTP RESPONSE 200
[debug] [2019-05-05T14:53:14.742Z] >>> HTTP REQUEST GET https://cloudfunctions.googleapis.com/v1/operations/d2FyZHItOTRhMTIvdXMtY2VudHJhbDEvZ2V0RXZlbnQvS0VsVW1fWjBfUjg  
 
[debug] [2019-05-05T14:53:15.398Z] <<< HTTP RESPONSE 200
[debug] [2019-05-05T14:53:15.662Z] >>> HTTP REQUEST GET https://cloudfunctions.googleapis.com/v1/operations/d2FyZHItOTRhMTIvdXMtY2VudHJhbDEvaGVsbG9Xb3JsZC9yOENVNGhmcGs0QQ  
 
[debug] [2019-05-05T14:53:16.169Z] <<< HTTP RESPONSE 200
[debug] [2019-05-05T14:53:17.405Z] >>> HTTP REQUEST GET https://cloudfunctions.googleapis.com/v1/operations/d2FyZHItOTRhMTIvdXMtY2VudHJhbDEvZ2V0RXZlbnQvS0VsVW1fWjBfUjg  
 
[debug] [2019-05-05T14:53:18.170Z] >>> HTTP REQUEST GET https://cloudfunctions.googleapis.com/v1/operations/d2FyZHItOTRhMTIvdXMtY2VudHJhbDEvaGVsbG9Xb3JsZC9yOENVNGhmcGs0QQ  
 
[debug] [2019-05-05T14:53:18.541Z] <<< HTTP RESPONSE 200
[debug] [2019-05-05T14:53:19.031Z] <<< HTTP RESPONSE 200
[debug] [2019-05-05T14:53:20.545Z] >>> HTTP REQUEST GET https://cloudfunctions.googleapis.com/v1/operations/d2FyZHItOTRhMTIvdXMtY2VudHJhbDEvaGVsbG9Xb3JsZC9yOENVNGhmcGs0QQ  
 
[debug] [2019-05-05T14:53:21.034Z] >>> HTTP REQUEST GET https://cloudfunctions.googleapis.com/v1/operations/d2FyZHItOTRhMTIvdXMtY2VudHJhbDEvZ2V0RXZlbnQvS0VsVW1fWjBfUjg  
 
[debug] [2019-05-05T14:53:21.113Z] <<< HTTP RESPONSE 200
[debug] [2019-05-05T14:53:21.554Z] <<< HTTP RESPONSE 200
[debug] [2019-05-05T14:53:23.118Z] >>> HTTP REQUEST GET https://cloudfunctions.googleapis.com/v1/operations/d2FyZHItOTRhMTIvdXMtY2VudHJhbDEvaGVsbG9Xb3JsZC9yOENVNGhmcGs0QQ  
 
[debug] [2019-05-05T14:53:23.554Z] >>> HTTP REQUEST GET https://cloudfunctions.googleapis.com/v1/operations/d2FyZHItOTRhMTIvdXMtY2VudHJhbDEvZ2V0RXZlbnQvS0VsVW1fWjBfUjg  
 
[debug] [2019-05-05T14:53:23.634Z] <<< HTTP RESPONSE 200
[debug] [2019-05-05T14:53:24.102Z] <<< HTTP RESPONSE 200
[debug] [2019-05-05T14:53:25.638Z] >>> HTTP REQUEST GET https://cloudfunctions.googleapis.com/v1/operations/d2FyZHItOTRhMTIvdXMtY2VudHJhbDEvaGVsbG9Xb3JsZC9yOENVNGhmcGs0QQ  
 
[debug] [2019-05-05T14:53:26.106Z] >>> HTTP REQUEST GET https://cloudfunctions.googleapis.com/v1/operations/d2FyZHItOTRhMTIvdXMtY2VudHJhbDEvZ2V0RXZlbnQvS0VsVW1fWjBfUjg  
 
[debug] [2019-05-05T14:53:26.182Z] <<< HTTP RESPONSE 200
[debug] [2019-05-05T14:53:26.764Z] <<< HTTP RESPONSE 200
[debug] [2019-05-05T14:53:28.188Z] >>> HTTP REQUEST GET https://cloudfunctions.googleapis.com/v1/operations/d2FyZHItOTRhMTIvdXMtY2VudHJhbDEvaGVsbG9Xb3JsZC9yOENVNGhmcGs0QQ  
 
[debug] [2019-05-05T14:53:28.497Z] <<< HTTP RESPONSE 200
[debug] [2019-05-05T14:53:28.769Z] >>> HTTP REQUEST GET https://cloudfunctions.googleapis.com/v1/operations/d2FyZHItOTRhMTIvdXMtY2VudHJhbDEvZ2V0RXZlbnQvS0VsVW1fWjBfUjg  
 
[debug] [2019-05-05T14:53:29.426Z] <<< HTTP RESPONSE 200
[debug] [2019-05-05T14:53:30.501Z] >>> HTTP REQUEST GET https://cloudfunctions.googleapis.com/v1/operations/d2FyZHItOTRhMTIvdXMtY2VudHJhbDEvaGVsbG9Xb3JsZC9yOENVNGhmcGs0QQ  
 
[debug] [2019-05-05T14:53:31.428Z] >>> HTTP REQUEST GET https://cloudfunctions.googleapis.com/v1/operations/d2FyZHItOTRhMTIvdXMtY2VudHJhbDEvZ2V0RXZlbnQvS0VsVW1fWjBfUjg  
 
[debug] [2019-05-05T14:53:31.444Z] <<< HTTP RESPONSE 200
[debug] [2019-05-05T14:53:31.955Z] <<< HTTP RESPONSE 200
